Start game
.#..
****.
*....
*****
end read
write
0 2
end write
free
read
...............
...............
@@@@...........
@..............
@@@@@..........
..@............
...............
...............
.............*.
...............
...............
...............
...............
...............
%...........#..
****
end read
write
9 13
end write
free
read
...............
...............
@@@@...........
@..............
@@@@@..........
..@............
...............
...............
.............*.
...............
...............
...............
...............
.........####..
%...........#..
*****
end read
write
9 7
end write
free
read
...............
...............
@@@@...........
@..............
@@@@@..........
..@............
...............
.........*****.
.............*.
...............
...............
...............
...............
.........####..
%...........#..
***.
***.
*...
****
end read
write
0 10
end write
free
read
not read
end read
write
read
...............
...............
@@@@...........
@..............
@@@@@..........
..@............
...............
.........*****.
.............*.
...............
%%%............
%%%............
%..............
%%%%.....####..
%...........#..
****
end read
write
6 12
end write
free
read
...............
...............
@@@@...........
@..............
@@@@@..........
..@............
...............
.........*****.
.............*.
...............
%%%............
%%%............
%.....####.....
%%%%.....####..
%...........#..
**
*.
end read
write
9 5
end write
free
read
not read
end read
write
read
...............
...............
@@@@...........
@..............
@@@@@..........
..@......**....
.........*.....
.........*****.
.............*.
...............
%%%............
%%%............
%.....####.....
%%%%.....####..
%...........#..
**
*.
end read
write
6 10
end write
free
read
...............
...............
@@@@...........
@..............
@@@@@..........
..@......**....
.........*.....
.........*****.
.............*.
...............
%%%...##.......
%%%...#........
%.....####.....
%%%%.....####..
%...........#..
******
****..
end read
write
6 3
end write
free
read
...............
...............
@@@@...........
@.....******...
@@@@@.****.....
..@......**....
.........*.....
.........*****.
.............*.
...............
%%%...##.......
%%%...#........
%.....####.....
%%%%.....####..
%...........#..
**
*.
*.
**
end read
write
5 6
end write
free
read
...............
...............
@@@@...........
@.....******...
@@@@@.****.....
..@......**....
.....##..*.....
.....#...*****.
.....#.......*.
.....##........
%%%...##.......
%%%...#........
%.....####.....
%%%%.....####..
%...........#..
****.
***..
***..
**...
*****
***..
end read
write
end tupik
end write
free
write
read
...............
...............
@@@@...........
@.....******...
@@@@@.****.....
..@......**....
.....##..*.....
.....#...*****.
.....#.......*.
.....##........
%%%...##.......
%%%...#........
%.....####.....
%%%%.....####..
%...........#..
****
*...
*...
**..
*...
**..
***.
end read
write
3 5
end write
free
read
not read
end read
write
