initializing vm core
number of players: 4
player:0  file:./../src/filler  symbol:@  color:1
player:1  file:./../src/filler  symbol:#  color:2
player:2  file:./../src/filler  symbol:*  color:3
player:3  file:./../src/filler  symbol:%  color:4
map file:1
----------
starting the game
-----------
generating start points
@ x=5 y=2
# x=14 y=12
* x=8 y=13
% x=14 y=0
-----------
exec_player[0]
exec_player[1]
------------- Child process: ./../src/filler
exec_player[2]
------------- Child process: ./../src/filler
exec_player[3]
polling players
@
15 15
...............
...............
...............
...............
...............
..@............
...............
...............
.............*.
...............
...............
...............
...............
...............
%...........#..
3 5
****.
*....
*****

------------
------------- Child process: ./../src/filler
------------- Child process: ./../src/filler
Buffer: 0 2
x=0 y=2
------------
#
15 15
...............
...............
@@@@...........
@..............
@@@@@..........
..@............
...............
...............
.............*.
...............
...............
...............
...............
...............
%...........#..
1 4
****

------------
Buffer: 9 13
x=9 y=13
------------
*
15 15
...............
...............
@@@@...........
@..............
@@@@@..........
..@............
...............
...............
.............*.
...............
...............
...............
...............
.........####..
%...........#..
1 5
*****

------------
Buffer: 9 7
x=9 y=7
------------
%
15 15
...............
...............
@@@@...........
@..............
@@@@@..........
..@............
...............
.........*****.
.............*.
...............
...............
...............
...............
.........####..
%...........#..
4 4
***.
***.
*...
****

------------
Buffer: 0 10
x=0 y=10
------------
@
15 15
...............
...............
@@@@...........
@..............
@@@@@..........
..@............
...............
.........*****.
.............*.
...............
%%%............
%%%............
%..............
%%%%.....####..
%...........#..
3 2
**
*.
**

------------
Buffer: 
#
15 15
...............
...............
@@@@...........
@..............
@@@@@..........
..@............
...............
.........*****.
.............*.
...............
%%%............
%%%............
%..............
%%%%.....####..
%...........#..
1 4
****

------------
Buffer: 6 12
x=6 y=12
------------
*
15 15
...............
...............
@@@@...........
@..............
@@@@@..........
..@............
...............
.........*****.
.............*.
...............
%%%............
%%%............
%.....####.....
%%%%.....####..
%...........#..
2 2
**
*.

------------
Buffer: 9 5
x=9 y=5
------------
%
15 15
...............
...............
@@@@...........
@..............
@@@@@..........
..@......**....
.........*.....
.........*****.
.............*.
...............
%%%............
%%%............
%.....####.....
%%%%.....####..
%...........#..
1 2
**

------------
Buffer: 
#
15 15
...............
...............
@@@@...........
@..............
@@@@@..........
..@......**....
.........*.....
.........*****.
.............*.
...............
%%%............
%%%............
%.....####.....
%%%%.....####..
%...........#..
2 2
**
*.

------------
Buffer: 6 10
x=6 y=10
------------
*
15 15
...............
...............
@@@@...........
@..............
@@@@@..........
..@......**....
.........*.....
.........*****.
.............*.
...............
%%%...##.......
%%%...#........
%.....####.....
%%%%.....####..
%...........#..
2 6
******
****..

------------
Buffer: 6 3
x=6 y=3
------------
#
15 15
...............
...............
@@@@...........
@.....******...
@@@@@.****.....
..@......**....
.........*.....
.........*****.
.............*.
...............
%%%...##.......
%%%...#........
%.....####.....
%%%%.....####..
%...........#..
4 2
**
*.
*.
**

------------
Buffer: 5 6
x=5 y=6
------------
*
15 15
...............
...............
@@@@...........
@.....******...
@@@@@.****.....
..@......**....
.....##..*.....
.....#...*****.
.....#.......*.
.....##........
%%%...##.......
%%%...#........
%.....####.....
%%%%.....####..
%...........#..
6 5
****.
***..
***..
**...
*****
***..

------------
Buffer: 
#
15 15
...............
...............
@@@@...........
@.....******...
@@@@@.****.....
..@......**....
.....##..*.....
.....#...*****.
.....#.......*.
.....##........
%%%...##.......
%%%...#........
%.....####.....
%%%%.....####..
%...........#..
7 4
****
*...
*...
**..
*...
**..
***.

------------
Buffer: 3 5
x=3 y=5
------------
#
15 15
...............
...............
@@@@...........
@.....******...
@@@@@.****.....
..@####..**....
...#.##..*.....
...#.#...*****.
...###.......*.
...#.##........
%%%##.##.......
%%%####........
%.....####.....
%%%%.....####..
%...........#..
1 4
****

------------
Buffer: 
